<?xml version="1.0" encoding="UTF-8"?>
<!-- Generated by org.testng.reporters.JUnitXMLReporter -->
<testsuite ignored="6" hostname="Leonids-MacBook-Air.local" failures="0" tests="27" name="All Functionalities" time="266.183" errors="0" timestamp="2023-05-12T19:13:59 EDT">
  <testcase classname="scripts._01_AppleTest" name="testAppleURL" time="2.691"/>
  <testcase classname="scripts._04_GoogleSearchTest" name="testGoogleStoreLink" time="4.406"/>
  <testcase classname="scripts._03_EtsyTest" name="testMainHeader" time="9.26"/>
  <testcase classname="scripts._05_CheckBoxTest" name="testCheckBoxInHeroApp" time="4.52"/>
  <testcase classname="scripts._06_RadioButtonTest" name="testFacebookGenderRadioButtons" time="9.979"/>
  <testcase classname="scripts._07_DropdownTest" name="testExpediaDropdowns" time="10.234"/>
  <testcase classname="scripts._07_DropdownTest" name="testUnsecurePasswordErrorMessage" time="10.836"/>
  <testcase classname="scripts._07_DropdownTest" name="testEbayDropdown" time="7.778"/>
  <testcase classname="scripts._08_Alerts" name="testEtsySignInModel" time="8.523"/>
  <testcase classname="scripts._08_Alerts" name="testInformationWarningAlert" time="2.076"/>
  <testcase classname="scripts._08_Alerts" name="testConfirmationAlert" time="2.317"/>
  <testcase classname="scripts._08_Alerts" name="testPromptAlert" time="2.182"/>
  <testcase classname="scripts._08_Alerts" name="testAmazonAddressModal" time="9.384"/>
  <testcase classname="scripts._09_iFrames" name="testIFrame1" time="18.122"/>
  <testcase classname="scripts._09_iFrames" name="testIFrame2" time="4.195"/>
  <testcase classname="scripts._10_WindowHandles" name="testTechGlobalSchoolFaceBookIcon" time="26.678"/>
  <testcase classname="scripts._10_WindowHandles" name="testWindowHandle2" time="6.294"/>
  <testcase classname="scripts._11_FileUpload" name="testFileUpload1" time="1.705"/>
  <testcase classname="scripts._11_FileUpload" name="testFileDownload" time="11.651"/>
  <testcase classname="scripts._11_FileUpload" name="testUploadFile3" time="7.605"/>
  <testcase classname="scripts._12_Actions_Class" name="moveToElementPractice1" time="11.946"/>
  <testcase classname="scripts._12_Actions_Class" name="moveToElementPractice2" time="9.586"/>
  <testcase classname="scripts._12_Actions_Class" name="clickOnElementPractice1" time="5.564"/>
  <testcase classname="scripts._12_Actions_Class" name="rightClickOnElementPractice" time="7.332"/>
  <testcase classname="scripts._12_Actions_Class" name="dragAndDropPractice" time="4.263"/>
  <testcase classname="scripts._12_Actions_Class" name="sendKeysToAnElement" time="1.565"/>
  <testcase classname="scripts._12_Actions_Class" name="practiceKeyDownAndKeyUp" time="3.664"/>
  <testcase classname="scripts._04_GoogleSearchTest" name="testGoogleSearch" time="0.0">
    <ignored/>
  </testcase> <!-- testGoogleSearch -->
  <testcase classname="scripts._03_EtsyTest" name="testEtsySearchResult" time="0.0">
    <ignored/>
  </testcase> <!-- testEtsySearchResult -->
  <testcase classname="scripts._01_AppleTest" name="testAppleTitle" time="0.0">
    <ignored/>
  </testcase> <!-- testAppleTitle -->
  <testcase classname="scripts._03_EtsyTest" name="testEtsySearch" time="0.0">
    <ignored/>
  </testcase> <!-- testEtsySearch -->
  <testcase classname="scripts._01_AppleTest" name="X" time="0.0">
    <ignored/>
  </testcase> <!-- X -->
  <testcase classname="scripts._03_EtsyTest" name="etsyLogoIsDisplayed" time="0.0">
    <ignored/>
  </testcase> <!-- etsyLogoIsDisplayed -->
</testsuite> <!-- All Functionalities -->
