<?xml version="1.0" encoding="UTF-8"?>
<!-- Generated by org.testng.reporters.JUnitXMLReporter -->
<testsuite ignored="6" hostname="Leonids-MacBook-Air.local" failures="0" tests="8" name="All Functionalities" time="79.82" errors="0" timestamp="2023-05-04T13:44:31 EDT">
  <testcase classname="scripts._01_AppleTest" name="testAppleURL" time="2.888"/>
  <testcase classname="scripts._04_GoogleSearchTest" name="testGoogleStoreLink" time="4.416"/>
  <testcase classname="scripts._03_EtsyTest" name="testMainHeader" time="3.86"/>
  <testcase classname="scripts._05_CheckBoxTest" name="testCheckBoxInHeroApp" time="3.995"/>
  <testcase classname="scripts._06_RadioButtonTest" name="testFacebookGenderRadioButtons" time="9.757"/>
  <testcase classname="scripts._07_DropdownTest" name="testExpediaDropdowns" time="10.136"/>
  <testcase classname="scripts._07_DropdownTest" name="testUnsecurePasswordErrorMessage" time="12.506"/>
  <testcase classname="scripts._07_DropdownTest" name="testEbayDropdown" time="8.937"/>
  <testcase classname="scripts._04_GoogleSearchTest" name="testGoogleSearch" time="0.0">
    <ignored/>
  </testcase> <!-- testGoogleSearch -->
  <testcase classname="scripts._03_EtsyTest" name="testEtsySearchResult" time="0.0">
    <ignored/>
  </testcase> <!-- testEtsySearchResult -->
  <testcase classname="scripts._01_AppleTest" name="testAppleTitle" time="0.0">
    <ignored/>
  </testcase> <!-- testAppleTitle -->
  <testcase classname="scripts._03_EtsyTest" name="testEtsySearch" time="0.0">
    <ignored/>
  </testcase> <!-- testEtsySearch -->
  <testcase classname="scripts._01_AppleTest" name="X" time="0.0">
    <ignored/>
  </testcase> <!-- X -->
  <testcase classname="scripts._03_EtsyTest" name="etsyLogoIsDisplayed" time="0.0">
    <ignored/>
  </testcase> <!-- etsyLogoIsDisplayed -->
</testsuite> <!-- All Functionalities -->
