<?xml version="1.0" encoding="UTF-8"?>
<!-- Generated by org.testng.reporters.JUnitXMLReporter -->
<testsuite ignored="1" hostname="Leonids-MacBook-Air.local" failures="0" tests="6" name="Surefire test" time="43.514" errors="0" timestamp="2023-04-27T19:12:12 EDT">
  <testcase classname="scripts._03_EtsyTest" name="etsyLogoIsDisplayed" time="6.507"/>
  <testcase classname="scripts._03_EtsyTest" name="testEtsySearch" time="4.883"/>
  <testcase classname="scripts._03_EtsyTest" name="testEtsySearchResult" time="5.61"/>
  <testcase classname="scripts._02_TechGlobalTest" name="testApplicationFormHeading" time="5.058"/>
  <testcase classname="scripts._01_AppleTest" name="testAppleTitle" time="2.507"/>
  <testcase classname="scripts._01_AppleTest" name="testAppleURL" time="2.408"/>
  <testcase classname="scripts._01_AppleTest" name="X" time="0.0">
    <ignored/>
  </testcase> <!-- X -->
</testsuite> <!-- Surefire test -->
